2024-01-04T11:17:36+00:00 DEBUG POST: https://ads.tiktok.com/marketing_api/api/developer/app/create_auto_approve/

{"business_platform":"PROD","smb_id":"tt4b_woocommerce_659693d0188dfhttptest-apcomlocalwp-admin","smb_name":"PROD","redirect_url":"http:\/\/test-apcom.local\/wp-admin\/"}
 ajax: no
2024-01-04T11:17:36+00:00 DEBUG Tt4b_Mapi_Class::create_open_source_app: Response: 

HTTP/1.1 200 OK
Content-Type: application/json
X-Tt-Logid: 2024010411173423BEEC33483E6D0AE70D,2024010411173423BEEC33483E6D0AE70D
Strict-Transport-Security: max-age=31536000; includeSubDomains
x-tt-trace-host: 015e0a79bf2b81841af48b6aef7f01832fd4e68a01dcbca1d22dd1fd1c0a5da0a0e89e5b01825e7bf3f6ff84fe1f4c0c54faae8a4ffd21992e08ae2e7c445f6e8b1f4f63506b63b8bd8b48fde07287c0824e91b3b5db005ddf1e4773edc62a391bf08459315c38dd6f91ed2323637f5c4a
x-tt-trace-id: 00-24010411173423BEEC33483E6D0AE70D-1E149D7479B8ECCA-00
Server: TLB
Content-Encoding: gzip
Content-Length: 205
X-Origin-Response-Time: 54,23.75.21.28
X-Akamai-Request-ID: befd974c.b43e12de
Date: Thu, 04 Jan 2024 11:17:36 GMT
X-Cache: TCP_MISS from a23-77-196-159.deploy.akamaitechnologies.com (AkamaiGHost/11.3.3-52660090) (-)
Connection: close
Vary: Accept-Encoding
X-Cache-Remote: TCP_MISS from a23-75-21-28.deploy.akamaitechnologies.com (AkamaiGHost/11.3.3-52660090) (-)
x-tt-trace-tag: id=16;cdn-cache=miss;type=dyn
Server-Timing: cdn-cache; desc=MISS, edge; dur=161, origin; dur=54
Server-Timing: inner; dur=50
X-Parent-Response-Time: 211,23.77.196.159

{"code":0,"msg":"ok","data":{"app_secret":"3acf2a27f31659af0cc7720a1f2628b0fd0d2886","redirect_uri":"http:\/\/test-apcom.local\/wp-admin\/","external_data_key":"0512da40-b473-4d02-8895-b30a090ca85f","app_id":"7320200765702684674"}}

